<?xml version="1.0" encoding="UTF-8"?>
<!-- Generated by org.testng.reporters.JUnitXMLReporter -->
<testsuite ignored="0" hostname="Juno.local" failures="0" tests="2" name="TestNGMaven" time="17.6" errors="0" timestamp="26 Jul 2023 20:08:14 GMT">
  <testcase classname="UITest_YourStore._01_FunctiontestSteps" name="Test1_searchFunctionalityCheck" time="0.727"/>
  <testcase classname="UITest_YourStore._01_FunctiontestSteps" name="Test2_checkoutFunctionalityCheck" time="8.955"/>
</testsuite> <!-- TestNGMaven -->
